<?xml version="1.0" encoding="UTF-8"?>
<testng-results ignored="0" total="1" passed="1" failed="0" skipped="0">
  <reporter-output>
  </reporter-output>
  <suite started-at="2024-01-28T20:20:21 ICT" name="Default suite" finished-at="2024-01-28T20:20:35 ICT" duration-ms="13439">
    <groups>
    </groups>
    <test started-at="2024-01-28T20:20:21 ICT" name="Default test" finished-at="2024-01-28T20:20:35 ICT" duration-ms="13439">
      <class name="automation.testsuite.Day8_Locator">
        <test-method is-config="true" signature="openChrome()[pri:0, instance:automation.testsuite.Day8_Locator@2a54a73f]" started-at="2024-01-28T20:20:21 ICT" name="openChrome" finished-at="2024-01-28T20:20:32 ICT" duration-ms="10305" status="PASS">
          <reporter-output>
          </reporter-output>
        </test-method> <!-- openChrome -->
        <test-method signature="practiceLocator()[pri:0, instance:automation.testsuite.Day8_Locator@2a54a73f]" started-at="2024-01-28T20:20:32 ICT" name="practiceLocator" finished-at="2024-01-28T20:20:35 ICT" duration-ms="3101" status="PASS">
          <reporter-output>
          </reporter-output>
        </test-method> <!-- practiceLocator -->
      </class> <!-- automation.testsuite.Day8_Locator -->
    </test> <!-- Default test -->
  </suite> <!-- Default suite -->
</testng-results>
